2025-03-03 15:58:07,347:WARNING:
'cuml' is a soft dependency and not included in the pycaret installation. Please run: `pip install cuml` to install.
2025-03-03 15:58:07,347:WARNING:
'cuml' is a soft dependency and not included in the pycaret installation. Please run: `pip install cuml` to install.
2025-03-03 15:58:07,347:WARNING:
'cuml' is a soft dependency and not included in the pycaret installation. Please run: `pip install cuml` to install.
2025-03-03 15:58:07,347:WARNING:
'cuml' is a soft dependency and not included in the pycaret installation. Please run: `pip install cuml` to install.
2025-03-03 15:58:34,494:INFO:PyCaret RegressionExperiment
2025-03-03 15:58:34,494:INFO:Logging name: reg-default-name
2025-03-03 15:58:34,495:INFO:ML Usecase: MLUsecase.REGRESSION
2025-03-03 15:58:34,495:INFO:version 3.3.2
2025-03-03 15:58:34,495:INFO:Initializing setup()
2025-03-03 15:58:34,495:INFO:self.USI: da32
2025-03-03 15:58:34,495:INFO:self._variable_keys: {'fold_shuffle_param', 'seed', 'gpu_param', 'X_train', 'target_param', 'exp_name_log', 'idx', 'gpu_n_jobs_param', 'fold_generator', 'log_plots_param', '_available_plots', 'exp_id', 'fold_groups_param', 'logging_param', 'n_jobs_param', 'html_param', 'y_train', 'USI', 'memory', 'y_test', 'y', 'pipeline', 'X', 'data', 'transform_target_param', '_ml_usecase', 'X_test'}
2025-03-03 15:58:34,495:INFO:Checking environment
2025-03-03 15:58:34,495:INFO:python_version: 3.11.9
2025-03-03 15:58:34,495:INFO:python_build: ('main', 'Apr 19 2024 16:40:41')
2025-03-03 15:58:34,495:INFO:machine: AMD64
2025-03-03 15:58:34,495:INFO:platform: Windows-10-10.0.26100-SP0
2025-03-03 15:58:34,501:INFO:Memory: svmem(total=16935895040, available=5325729792, percent=68.6, used=11610165248, free=5325729792)
2025-03-03 15:58:34,501:INFO:Physical Core: 4
2025-03-03 15:58:34,501:INFO:Logical Core: 8
2025-03-03 15:58:34,501:INFO:Checking libraries
2025-03-03 15:58:34,501:INFO:System:
2025-03-03 15:58:34,502:INFO:    python: 3.11.9 | packaged by Anaconda, Inc. | (main, Apr 19 2024, 16:40:41) [MSC v.1916 64 bit (AMD64)]
2025-03-03 15:58:34,502:INFO:executable: c:\Users\jaros\.conda\envs\od_zera_do_ai\python.exe
2025-03-03 15:58:34,502:INFO:   machine: Windows-10-10.0.26100-SP0
2025-03-03 15:58:34,502:INFO:PyCaret required dependencies:
2025-03-03 15:58:34,710:INFO:                 pip: 24.2
2025-03-03 15:58:34,710:INFO:          setuptools: 72.1.0
2025-03-03 15:58:34,710:INFO:             pycaret: 3.3.2
2025-03-03 15:58:34,710:INFO:             IPython: 8.27.0
2025-03-03 15:58:34,710:INFO:          ipywidgets: 7.8.1
2025-03-03 15:58:34,710:INFO:                tqdm: 4.66.5
2025-03-03 15:58:34,710:INFO:               numpy: 1.26.4
2025-03-03 15:58:34,710:INFO:              pandas: 1.5.3
2025-03-03 15:58:34,710:INFO:              jinja2: 3.1.5
2025-03-03 15:58:34,710:INFO:               scipy: 1.11.4
2025-03-03 15:58:34,710:INFO:              joblib: 1.3.2
2025-03-03 15:58:34,710:INFO:             sklearn: 1.4.2
2025-03-03 15:58:34,710:INFO:                pyod: 2.0.2
2025-03-03 15:58:34,710:INFO:            imblearn: 0.13.0
2025-03-03 15:58:34,710:INFO:   category_encoders: 2.7.0
2025-03-03 15:58:34,710:INFO:            lightgbm: 4.5.0
2025-03-03 15:58:34,710:INFO:               numba: 0.60.0
2025-03-03 15:58:34,710:INFO:            requests: 2.32.3
2025-03-03 15:58:34,710:INFO:          matplotlib: 3.8.4
2025-03-03 15:58:34,711:INFO:          scikitplot: 0.3.7
2025-03-03 15:58:34,711:INFO:         yellowbrick: 1.5
2025-03-03 15:58:34,711:INFO:              plotly: 5.24.1
2025-03-03 15:58:34,711:INFO:    plotly-resampler: Not installed
2025-03-03 15:58:34,711:INFO:             kaleido: 0.2.1
2025-03-03 15:58:34,711:INFO:           schemdraw: 0.15
2025-03-03 15:58:34,711:INFO:         statsmodels: 0.14.2
2025-03-03 15:58:34,711:INFO:              sktime: 0.26.0
2025-03-03 15:58:34,711:INFO:               tbats: 1.1.3
2025-03-03 15:58:34,711:INFO:            pmdarima: 2.0.4
2025-03-03 15:58:34,711:INFO:              psutil: 5.9.0
2025-03-03 15:58:34,711:INFO:          markupsafe: 2.1.3
2025-03-03 15:58:34,711:INFO:             pickle5: Not installed
2025-03-03 15:58:34,711:INFO:         cloudpickle: 3.1.1
2025-03-03 15:58:34,711:INFO:         deprecation: 2.1.0
2025-03-03 15:58:34,711:INFO:              xxhash: 3.5.0
2025-03-03 15:58:34,711:INFO:           wurlitzer: 3.1.1
2025-03-03 15:58:34,711:INFO:PyCaret optional dependencies:
2025-03-03 15:58:34,730:INFO:                shap: Not installed
2025-03-03 15:58:34,730:INFO:           interpret: Not installed
2025-03-03 15:58:34,731:INFO:                umap: 0.5.7
2025-03-03 15:58:34,731:INFO:     ydata_profiling: 0.0.dev0
2025-03-03 15:58:34,731:INFO:  explainerdashboard: Not installed
2025-03-03 15:58:34,731:INFO:             autoviz: Not installed
2025-03-03 15:58:34,731:INFO:           fairlearn: Not installed
2025-03-03 15:58:34,731:INFO:          deepchecks: Not installed
2025-03-03 15:58:34,731:INFO:             xgboost: Not installed
2025-03-03 15:58:34,731:INFO:            catboost: Not installed
2025-03-03 15:58:34,731:INFO:              kmodes: Not installed
2025-03-03 15:58:34,731:INFO:             mlxtend: Not installed
2025-03-03 15:58:34,731:INFO:       statsforecast: Not installed
2025-03-03 15:58:34,731:INFO:        tune_sklearn: Not installed
2025-03-03 15:58:34,731:INFO:                 ray: Not installed
2025-03-03 15:58:34,731:INFO:            hyperopt: Not installed
2025-03-03 15:58:34,731:INFO:              optuna: Not installed
2025-03-03 15:58:34,731:INFO:               skopt: Not installed
2025-03-03 15:58:34,731:INFO:              mlflow: Not installed
2025-03-03 15:58:34,732:INFO:              gradio: Not installed
2025-03-03 15:58:34,732:INFO:             fastapi: Not installed
2025-03-03 15:58:34,732:INFO:             uvicorn: Not installed
2025-03-03 15:58:34,732:INFO:              m2cgen: Not installed
2025-03-03 15:58:34,732:INFO:           evidently: Not installed
2025-03-03 15:58:34,732:INFO:               fugue: Not installed
2025-03-03 15:58:34,732:INFO:           streamlit: 1.40.1
2025-03-03 15:58:34,732:INFO:             prophet: Not installed
2025-03-03 15:58:34,732:INFO:None
2025-03-03 15:58:34,732:INFO:Set up data.
2025-03-03 15:58:34,743:INFO:Set up folding strategy.
2025-03-03 15:58:34,743:INFO:Set up train/test split.
2025-03-03 15:58:34,775:INFO:Set up index.
2025-03-03 15:58:34,775:INFO:Assigning column types.
2025-03-03 15:58:34,779:INFO:Engine successfully changes for model 'lr' to 'sklearn'.
2025-03-03 15:58:34,780:INFO:Engine for model 'lasso' has not been set explicitly, hence returning None.
2025-03-03 15:58:34,785:INFO:Engine for model 'ridge' has not been set explicitly, hence returning None.
2025-03-03 15:58:34,789:INFO:Engine for model 'en' has not been set explicitly, hence returning None.
2025-03-03 15:58:34,844:INFO:Engine for model 'svm' has not been set explicitly, hence returning None.
2025-03-03 15:58:34,889:INFO:Engine for model 'knn' has not been set explicitly, hence returning None.
2025-03-03 15:58:34,890:WARNING:
'xgboost' is a soft dependency and not included in the pycaret installation. Please run: `pip install xgboost` to install.
Alternately, you can install this by running `pip install pycaret[models]`
2025-03-03 15:58:34,890:WARNING:
'catboost' is a soft dependency and not included in the pycaret installation. Please run: `pip install catboost` to install.
Alternately, you can install this by running `pip install pycaret[models]`
2025-03-03 15:58:34,890:INFO:Engine for model 'lasso' has not been set explicitly, hence returning None.
2025-03-03 15:58:34,894:INFO:Engine for model 'ridge' has not been set explicitly, hence returning None.
2025-03-03 15:58:34,899:INFO:Engine for model 'en' has not been set explicitly, hence returning None.
2025-03-03 15:58:34,953:INFO:Engine for model 'svm' has not been set explicitly, hence returning None.
2025-03-03 15:58:34,995:INFO:Engine for model 'knn' has not been set explicitly, hence returning None.
2025-03-03 15:58:34,995:WARNING:
'xgboost' is a soft dependency and not included in the pycaret installation. Please run: `pip install xgboost` to install.
Alternately, you can install this by running `pip install pycaret[models]`
2025-03-03 15:58:34,996:WARNING:
'catboost' is a soft dependency and not included in the pycaret installation. Please run: `pip install catboost` to install.
Alternately, you can install this by running `pip install pycaret[models]`
2025-03-03 15:58:34,996:INFO:Engine successfully changes for model 'lasso' to 'sklearn'.
2025-03-03 15:58:35,000:INFO:Engine for model 'ridge' has not been set explicitly, hence returning None.
2025-03-03 15:58:35,004:INFO:Engine for model 'en' has not been set explicitly, hence returning None.
2025-03-03 15:58:35,060:INFO:Engine for model 'svm' has not been set explicitly, hence returning None.
2025-03-03 15:58:35,102:INFO:Engine for model 'knn' has not been set explicitly, hence returning None.
2025-03-03 15:58:35,102:WARNING:
'xgboost' is a soft dependency and not included in the pycaret installation. Please run: `pip install xgboost` to install.
Alternately, you can install this by running `pip install pycaret[models]`
2025-03-03 15:58:35,103:WARNING:
'catboost' is a soft dependency and not included in the pycaret installation. Please run: `pip install catboost` to install.
Alternately, you can install this by running `pip install pycaret[models]`
2025-03-03 15:58:35,107:INFO:Engine for model 'ridge' has not been set explicitly, hence returning None.
2025-03-03 15:58:35,112:INFO:Engine for model 'en' has not been set explicitly, hence returning None.
2025-03-03 15:58:35,166:INFO:Engine for model 'svm' has not been set explicitly, hence returning None.
2025-03-03 15:58:35,208:INFO:Engine for model 'knn' has not been set explicitly, hence returning None.
2025-03-03 15:58:35,209:WARNING:
'xgboost' is a soft dependency and not included in the pycaret installation. Please run: `pip install xgboost` to install.
Alternately, you can install this by running `pip install pycaret[models]`
2025-03-03 15:58:35,209:WARNING:
'catboost' is a soft dependency and not included in the pycaret installation. Please run: `pip install catboost` to install.
Alternately, you can install this by running `pip install pycaret[models]`
2025-03-03 15:58:35,210:INFO:Engine successfully changes for model 'ridge' to 'sklearn'.
2025-03-03 15:58:35,218:INFO:Engine for model 'en' has not been set explicitly, hence returning None.
2025-03-03 15:58:35,272:INFO:Engine for model 'svm' has not been set explicitly, hence returning None.
2025-03-03 15:58:35,313:INFO:Engine for model 'knn' has not been set explicitly, hence returning None.
2025-03-03 15:58:35,314:WARNING:
'xgboost' is a soft dependency and not included in the pycaret installation. Please run: `pip install xgboost` to install.
Alternately, you can install this by running `pip install pycaret[models]`
2025-03-03 15:58:35,314:WARNING:
'catboost' is a soft dependency and not included in the pycaret installation. Please run: `pip install catboost` to install.
Alternately, you can install this by running `pip install pycaret[models]`
2025-03-03 15:58:35,322:INFO:Engine for model 'en' has not been set explicitly, hence returning None.
2025-03-03 15:58:35,376:INFO:Engine for model 'svm' has not been set explicitly, hence returning None.
2025-03-03 15:58:35,419:INFO:Engine for model 'knn' has not been set explicitly, hence returning None.
2025-03-03 15:58:35,420:WARNING:
'xgboost' is a soft dependency and not included in the pycaret installation. Please run: `pip install xgboost` to install.
Alternately, you can install this by running `pip install pycaret[models]`
2025-03-03 15:58:35,420:WARNING:
'catboost' is a soft dependency and not included in the pycaret installation. Please run: `pip install catboost` to install.
Alternately, you can install this by running `pip install pycaret[models]`
2025-03-03 15:58:35,420:INFO:Engine successfully changes for model 'en' to 'sklearn'.
2025-03-03 15:58:35,483:INFO:Engine for model 'svm' has not been set explicitly, hence returning None.
2025-03-03 15:58:35,527:INFO:Engine for model 'knn' has not been set explicitly, hence returning None.
2025-03-03 15:58:35,527:WARNING:
'xgboost' is a soft dependency and not included in the pycaret installation. Please run: `pip install xgboost` to install.
Alternately, you can install this by running `pip install pycaret[models]`
2025-03-03 15:58:35,527:WARNING:
'catboost' is a soft dependency and not included in the pycaret installation. Please run: `pip install catboost` to install.
Alternately, you can install this by running `pip install pycaret[models]`
2025-03-03 15:58:35,654:INFO:Engine for model 'svm' has not been set explicitly, hence returning None.
2025-03-03 15:58:35,732:INFO:Engine for model 'knn' has not been set explicitly, hence returning None.
2025-03-03 15:58:35,736:WARNING:
'xgboost' is a soft dependency and not included in the pycaret installation. Please run: `pip install xgboost` to install.
Alternately, you can install this by running `pip install pycaret[models]`
2025-03-03 15:58:35,737:WARNING:
'catboost' is a soft dependency and not included in the pycaret installation. Please run: `pip install catboost` to install.
Alternately, you can install this by running `pip install pycaret[models]`
2025-03-03 15:58:35,737:INFO:Engine successfully changes for model 'knn' to 'sklearn'.
2025-03-03 15:58:35,819:INFO:Engine for model 'svm' has not been set explicitly, hence returning None.
2025-03-03 15:58:35,866:WARNING:
'xgboost' is a soft dependency and not included in the pycaret installation. Please run: `pip install xgboost` to install.
Alternately, you can install this by running `pip install pycaret[models]`
2025-03-03 15:58:35,866:WARNING:
'catboost' is a soft dependency and not included in the pycaret installation. Please run: `pip install catboost` to install.
Alternately, you can install this by running `pip install pycaret[models]`
2025-03-03 15:58:35,929:INFO:Engine for model 'svm' has not been set explicitly, hence returning None.
2025-03-03 15:58:35,971:WARNING:
'xgboost' is a soft dependency and not included in the pycaret installation. Please run: `pip install xgboost` to install.
Alternately, you can install this by running `pip install pycaret[models]`
2025-03-03 15:58:35,971:WARNING:
'catboost' is a soft dependency and not included in the pycaret installation. Please run: `pip install catboost` to install.
Alternately, you can install this by running `pip install pycaret[models]`
2025-03-03 15:58:35,971:INFO:Engine successfully changes for model 'svm' to 'sklearn'.
2025-03-03 15:58:36,074:WARNING:
'xgboost' is a soft dependency and not included in the pycaret installation. Please run: `pip install xgboost` to install.
Alternately, you can install this by running `pip install pycaret[models]`
2025-03-03 15:58:36,075:WARNING:
'catboost' is a soft dependency and not included in the pycaret installation. Please run: `pip install catboost` to install.
Alternately, you can install this by running `pip install pycaret[models]`
2025-03-03 15:58:36,181:WARNING:
'xgboost' is a soft dependency and not included in the pycaret installation. Please run: `pip install xgboost` to install.
Alternately, you can install this by running `pip install pycaret[models]`
2025-03-03 15:58:36,181:WARNING:
'catboost' is a soft dependency and not included in the pycaret installation. Please run: `pip install catboost` to install.
Alternately, you can install this by running `pip install pycaret[models]`
2025-03-03 15:58:36,185:INFO:Preparing preprocessing pipeline...
2025-03-03 15:58:36,185:INFO:Set up simple imputation.
2025-03-03 15:58:36,188:INFO:Set up encoding of ordinal features.
2025-03-03 15:58:36,189:INFO:Set up encoding of categorical features.
2025-03-03 15:58:36,190:INFO:Set up column name cleaning.
2025-03-03 15:58:36,246:INFO:Finished creating preprocessing pipeline.
2025-03-03 15:58:36,263:INFO:Pipeline: Pipeline(memory=FastMemory(location=C:\Users\jaros\AppData\Local\Temp\joblib),
         steps=[('numerical_imputer',
                 TransformerWrapper(include=['5km Czas [sek]',
                                             '10km Czas [sek]',
                                             '15km Tempo [min/km]', 'Wiek'],
                                    transformer=SimpleImputer())),
                ('categorical_imputer',
                 TransformerWrapper(include=['Płeć'],
                                    transformer=SimpleImputer(strategy='most_frequent'))),
                ('ordinal_encoding',
                 TransformerWrapper(include=['Płeć'],
                                    transformer=OrdinalEncoder(cols=['Płeć'],
                                                               handle_missing='return_nan',
                                                               mapping=[{'col': 'Płeć',
                                                                         'data_type': dtype('O'),
                                                                         'mapping': K      0
M      1
NaN   -1
dtype: int64}]))),
                ('clean_column_names',
                 TransformerWrapper(transformer=CleanColumnNames()))])
2025-03-03 15:58:36,263:INFO:Creating final display dataframe.
2025-03-03 15:58:36,390:INFO:Setup _display_container:                     Description             Value
0                    Session id               123
1                        Target        Czas [sek]
2                   Target type        Regression
3           Original data shape        (7544, 12)
4        Transformed data shape         (7544, 6)
5   Transformed train set shape         (5280, 6)
6    Transformed test set shape         (2264, 6)
7               Ignore features                 6
8              Numeric features                 4
9          Categorical features                 1
10     Rows with missing values              0.5%
11                   Preprocess              True
12              Imputation type            simple
13           Numeric imputation              mean
14       Categorical imputation              mode
15     Maximum one-hot encoding                25
16              Encoding method              None
17               Fold Generator             KFold
18                  Fold Number                10
19                     CPU Jobs                -1
20                      Use GPU             False
21               Log Experiment             False
22              Experiment Name  reg-default-name
23                          USI              da32
2025-03-03 15:58:36,508:WARNING:
'xgboost' is a soft dependency and not included in the pycaret installation. Please run: `pip install xgboost` to install.
Alternately, you can install this by running `pip install pycaret[models]`
2025-03-03 15:58:36,508:WARNING:
'catboost' is a soft dependency and not included in the pycaret installation. Please run: `pip install catboost` to install.
Alternately, you can install this by running `pip install pycaret[models]`
2025-03-03 15:58:36,611:WARNING:
'xgboost' is a soft dependency and not included in the pycaret installation. Please run: `pip install xgboost` to install.
Alternately, you can install this by running `pip install pycaret[models]`
2025-03-03 15:58:36,611:WARNING:
'catboost' is a soft dependency and not included in the pycaret installation. Please run: `pip install catboost` to install.
Alternately, you can install this by running `pip install pycaret[models]`
2025-03-03 15:58:36,611:INFO:setup() successfully completed in 2.12s...............
2025-03-03 15:58:43,016:INFO:Initializing compare_models()
2025-03-03 15:58:43,017:INFO:compare_models(self=<pycaret.regression.oop.RegressionExperiment object at 0x00000260D0179190>, include=None, exclude=None, fold=None, round=4, cross_validation=True, sort=MAE, n_select=1, budget_time=None, turbo=True, errors=ignore, fit_kwargs=None, groups=None, experiment_custom_tags=None, probability_threshold=None, verbose=True, parallel=None, caller_params={'self': <pycaret.regression.oop.RegressionExperiment object at 0x00000260D0179190>, 'include': None, 'exclude': None, 'fold': None, 'round': 4, 'cross_validation': True, 'sort': 'MAE', 'n_select': 1, 'budget_time': None, 'turbo': True, 'errors': 'ignore', 'fit_kwargs': None, 'groups': None, 'experiment_custom_tags': None, 'engine': None, 'verbose': True, 'parallel': None, '__class__': <class 'pycaret.regression.oop.RegressionExperiment'>})
2025-03-03 15:58:43,017:INFO:Checking exceptions
2025-03-03 15:58:43,021:INFO:Preparing display monitor
2025-03-03 15:58:43,063:INFO:Initializing Linear Regression
2025-03-03 15:58:43,063:INFO:Total runtime is 0.0 minutes
2025-03-03 15:58:43,069:INFO:SubProcess create_model() called ==================================
2025-03-03 15:58:43,070:INFO:Initializing create_model()
2025-03-03 15:58:43,070:INFO:create_model(self=<pycaret.regression.oop.RegressionExperiment object at 0x00000260D0179190>, estimator=lr, fold=KFold(n_splits=10, random_state=None, shuffle=False), round=4, cross_validation=True, predict=True, fit_kwargs={}, groups=None, refit=False, probability_threshold=None, experiment_custom_tags=None, verbose=False, system=False, add_to_model_list=True, metrics=None, display=<pycaret.internal.display.display.CommonDisplay object at 0x00000260D0131290>, model_only=True, return_train_score=False, error_score=0.0, kwargs={})
2025-03-03 15:58:43,071:INFO:Checking exceptions
2025-03-03 15:58:43,071:INFO:Importing libraries
2025-03-03 15:58:43,071:INFO:Copying training dataset
2025-03-03 15:58:43,078:INFO:Defining folds
2025-03-03 15:58:43,078:INFO:Declaring metric variables
2025-03-03 15:58:43,080:INFO:Importing untrained model
2025-03-03 15:58:43,104:INFO:Linear Regression Imported successfully
2025-03-03 15:58:43,119:INFO:Starting cross validation
2025-03-03 15:58:43,130:INFO:Cross validating with KFold(n_splits=10, random_state=None, shuffle=False), n_jobs=-1
2025-03-03 15:58:50,630:INFO:Calculating mean and std
2025-03-03 15:58:50,631:INFO:Creating metrics dataframe
2025-03-03 15:58:50,632:INFO:Uploading results into container
2025-03-03 15:58:50,632:INFO:Uploading model into container now
2025-03-03 15:58:50,634:INFO:_master_model_container: 1
2025-03-03 15:58:50,634:INFO:_display_container: 2
2025-03-03 15:58:50,634:INFO:LinearRegression(n_jobs=-1)
2025-03-03 15:58:50,635:INFO:create_model() successfully completed......................................
2025-03-03 15:58:50,735:INFO:SubProcess create_model() end ==================================
2025-03-03 15:58:50,735:INFO:Creating metrics dataframe
2025-03-03 15:58:50,741:INFO:Initializing Lasso Regression
2025-03-03 15:58:50,742:INFO:Total runtime is 0.12799065907796223 minutes
2025-03-03 15:58:50,753:INFO:SubProcess create_model() called ==================================
2025-03-03 15:58:50,754:INFO:Initializing create_model()
2025-03-03 15:58:50,754:INFO:create_model(self=<pycaret.regression.oop.RegressionExperiment object at 0x00000260D0179190>, estimator=lasso, fold=KFold(n_splits=10, random_state=None, shuffle=False), round=4, cross_validation=True, predict=True, fit_kwargs={}, groups=None, refit=False, probability_threshold=None, experiment_custom_tags=None, verbose=False, system=False, add_to_model_list=True, metrics=None, display=<pycaret.internal.display.display.CommonDisplay object at 0x00000260D0131290>, model_only=True, return_train_score=False, error_score=0.0, kwargs={})
2025-03-03 15:58:50,754:INFO:Checking exceptions
2025-03-03 15:58:50,755:INFO:Importing libraries
2025-03-03 15:58:50,755:INFO:Copying training dataset
2025-03-03 15:58:50,762:INFO:Defining folds
2025-03-03 15:58:50,762:INFO:Declaring metric variables
2025-03-03 15:58:50,768:INFO:Importing untrained model
2025-03-03 15:58:50,775:INFO:Lasso Regression Imported successfully
2025-03-03 15:58:50,783:INFO:Starting cross validation
2025-03-03 15:58:50,791:INFO:Cross validating with KFold(n_splits=10, random_state=None, shuffle=False), n_jobs=-1
2025-03-03 15:58:51,029:INFO:Calculating mean and std
2025-03-03 15:58:51,031:INFO:Creating metrics dataframe
2025-03-03 15:58:51,033:INFO:Uploading results into container
2025-03-03 15:58:51,033:INFO:Uploading model into container now
2025-03-03 15:58:51,033:INFO:_master_model_container: 2
2025-03-03 15:58:51,033:INFO:_display_container: 2
2025-03-03 15:58:51,034:INFO:Lasso(random_state=123)
2025-03-03 15:58:51,034:INFO:create_model() successfully completed......................................
2025-03-03 15:58:51,133:INFO:SubProcess create_model() end ==================================
2025-03-03 15:58:51,133:INFO:Creating metrics dataframe
2025-03-03 15:58:51,144:INFO:Initializing Ridge Regression
2025-03-03 15:58:51,144:INFO:Total runtime is 0.13469026883443194 minutes
2025-03-03 15:58:51,148:INFO:SubProcess create_model() called ==================================
2025-03-03 15:58:51,149:INFO:Initializing create_model()
2025-03-03 15:58:51,149:INFO:create_model(self=<pycaret.regression.oop.RegressionExperiment object at 0x00000260D0179190>, estimator=ridge, fold=KFold(n_splits=10, random_state=None, shuffle=False), round=4, cross_validation=True, predict=True, fit_kwargs={}, groups=None, refit=False, probability_threshold=None, experiment_custom_tags=None, verbose=False, system=False, add_to_model_list=True, metrics=None, display=<pycaret.internal.display.display.CommonDisplay object at 0x00000260D0131290>, model_only=True, return_train_score=False, error_score=0.0, kwargs={})
2025-03-03 15:58:51,149:INFO:Checking exceptions
2025-03-03 15:58:51,149:INFO:Importing libraries
2025-03-03 15:58:51,149:INFO:Copying training dataset
2025-03-03 15:58:51,153:INFO:Defining folds
2025-03-03 15:58:51,154:INFO:Declaring metric variables
2025-03-03 15:58:51,160:INFO:Importing untrained model
2025-03-03 15:58:51,164:INFO:Ridge Regression Imported successfully
2025-03-03 15:58:51,177:INFO:Starting cross validation
2025-03-03 15:58:51,179:INFO:Cross validating with KFold(n_splits=10, random_state=None, shuffle=False), n_jobs=-1
2025-03-03 15:58:51,380:INFO:Calculating mean and std
2025-03-03 15:58:51,381:INFO:Creating metrics dataframe
2025-03-03 15:58:51,382:INFO:Uploading results into container
2025-03-03 15:58:51,383:INFO:Uploading model into container now
2025-03-03 15:58:51,383:INFO:_master_model_container: 3
2025-03-03 15:58:51,384:INFO:_display_container: 2
2025-03-03 15:58:51,384:INFO:Ridge(random_state=123)
2025-03-03 15:58:51,384:INFO:create_model() successfully completed......................................
2025-03-03 15:58:51,482:INFO:SubProcess create_model() end ==================================
2025-03-03 15:58:51,482:INFO:Creating metrics dataframe
2025-03-03 15:58:51,489:INFO:Initializing Elastic Net
2025-03-03 15:58:51,489:INFO:Total runtime is 0.1404404282569885 minutes
2025-03-03 15:58:51,496:INFO:SubProcess create_model() called ==================================
2025-03-03 15:58:51,496:INFO:Initializing create_model()
2025-03-03 15:58:51,496:INFO:create_model(self=<pycaret.regression.oop.RegressionExperiment object at 0x00000260D0179190>, estimator=en, fold=KFold(n_splits=10, random_state=None, shuffle=False), round=4, cross_validation=True, predict=True, fit_kwargs={}, groups=None, refit=False, probability_threshold=None, experiment_custom_tags=None, verbose=False, system=False, add_to_model_list=True, metrics=None, display=<pycaret.internal.display.display.CommonDisplay object at 0x00000260D0131290>, model_only=True, return_train_score=False, error_score=0.0, kwargs={})
2025-03-03 15:58:51,496:INFO:Checking exceptions
2025-03-03 15:58:51,497:INFO:Importing libraries
2025-03-03 15:58:51,497:INFO:Copying training dataset
2025-03-03 15:58:51,502:INFO:Defining folds
2025-03-03 15:58:51,502:INFO:Declaring metric variables
2025-03-03 15:58:51,508:INFO:Importing untrained model
2025-03-03 15:58:51,511:INFO:Elastic Net Imported successfully
2025-03-03 15:58:51,527:INFO:Starting cross validation
2025-03-03 15:58:51,530:INFO:Cross validating with KFold(n_splits=10, random_state=None, shuffle=False), n_jobs=-1
2025-03-03 15:58:51,758:INFO:Calculating mean and std
2025-03-03 15:58:51,759:INFO:Creating metrics dataframe
2025-03-03 15:58:51,761:INFO:Uploading results into container
2025-03-03 15:58:51,762:INFO:Uploading model into container now
2025-03-03 15:58:51,762:INFO:_master_model_container: 4
2025-03-03 15:58:51,762:INFO:_display_container: 2
2025-03-03 15:58:51,763:INFO:ElasticNet(random_state=123)
2025-03-03 15:58:51,763:INFO:create_model() successfully completed......................................
2025-03-03 15:58:51,860:INFO:SubProcess create_model() end ==================================
2025-03-03 15:58:51,860:INFO:Creating metrics dataframe
2025-03-03 15:58:51,866:INFO:Initializing Least Angle Regression
2025-03-03 15:58:51,866:INFO:Total runtime is 0.14672902822494505 minutes
2025-03-03 15:58:51,871:INFO:SubProcess create_model() called ==================================
2025-03-03 15:58:51,871:INFO:Initializing create_model()
2025-03-03 15:58:51,872:INFO:create_model(self=<pycaret.regression.oop.RegressionExperiment object at 0x00000260D0179190>, estimator=lar, fold=KFold(n_splits=10, random_state=None, shuffle=False), round=4, cross_validation=True, predict=True, fit_kwargs={}, groups=None, refit=False, probability_threshold=None, experiment_custom_tags=None, verbose=False, system=False, add_to_model_list=True, metrics=None, display=<pycaret.internal.display.display.CommonDisplay object at 0x00000260D0131290>, model_only=True, return_train_score=False, error_score=0.0, kwargs={})
2025-03-03 15:58:51,872:INFO:Checking exceptions
2025-03-03 15:58:51,872:INFO:Importing libraries
2025-03-03 15:58:51,872:INFO:Copying training dataset
2025-03-03 15:58:51,878:INFO:Defining folds
2025-03-03 15:58:51,878:INFO:Declaring metric variables
2025-03-03 15:58:51,883:INFO:Importing untrained model
2025-03-03 15:58:51,889:INFO:Least Angle Regression Imported successfully
2025-03-03 15:58:51,900:INFO:Starting cross validation
2025-03-03 15:58:51,900:INFO:Cross validating with KFold(n_splits=10, random_state=None, shuffle=False), n_jobs=-1
2025-03-03 15:58:52,087:INFO:Calculating mean and std
2025-03-03 15:58:52,088:INFO:Creating metrics dataframe
2025-03-03 15:58:52,090:INFO:Uploading results into container
2025-03-03 15:58:52,090:INFO:Uploading model into container now
2025-03-03 15:58:52,091:INFO:_master_model_container: 5
2025-03-03 15:58:52,092:INFO:_display_container: 2
2025-03-03 15:58:52,093:INFO:Lars(random_state=123)
2025-03-03 15:58:52,093:INFO:create_model() successfully completed......................................
2025-03-03 15:58:52,189:INFO:SubProcess create_model() end ==================================
2025-03-03 15:58:52,189:INFO:Creating metrics dataframe
2025-03-03 15:58:52,197:INFO:Initializing Lasso Least Angle Regression
2025-03-03 15:58:52,197:INFO:Total runtime is 0.1522326310475667 minutes
2025-03-03 15:58:52,202:INFO:SubProcess create_model() called ==================================
2025-03-03 15:58:52,202:INFO:Initializing create_model()
2025-03-03 15:58:52,202:INFO:create_model(self=<pycaret.regression.oop.RegressionExperiment object at 0x00000260D0179190>, estimator=llar, fold=KFold(n_splits=10, random_state=None, shuffle=False), round=4, cross_validation=True, predict=True, fit_kwargs={}, groups=None, refit=False, probability_threshold=None, experiment_custom_tags=None, verbose=False, system=False, add_to_model_list=True, metrics=None, display=<pycaret.internal.display.display.CommonDisplay object at 0x00000260D0131290>, model_only=True, return_train_score=False, error_score=0.0, kwargs={})
2025-03-03 15:58:52,202:INFO:Checking exceptions
2025-03-03 15:58:52,203:INFO:Importing libraries
2025-03-03 15:58:52,203:INFO:Copying training dataset
2025-03-03 15:58:52,208:INFO:Defining folds
2025-03-03 15:58:52,208:INFO:Declaring metric variables
2025-03-03 15:58:52,215:INFO:Importing untrained model
2025-03-03 15:58:52,220:INFO:Lasso Least Angle Regression Imported successfully
2025-03-03 15:58:52,233:INFO:Starting cross validation
2025-03-03 15:58:52,234:INFO:Cross validating with KFold(n_splits=10, random_state=None, shuffle=False), n_jobs=-1
2025-03-03 15:58:52,424:INFO:Calculating mean and std
2025-03-03 15:58:52,425:INFO:Creating metrics dataframe
2025-03-03 15:58:52,427:INFO:Uploading results into container
2025-03-03 15:58:52,428:INFO:Uploading model into container now
2025-03-03 15:58:52,428:INFO:_master_model_container: 6
2025-03-03 15:58:52,428:INFO:_display_container: 2
2025-03-03 15:58:52,429:INFO:LassoLars(random_state=123)
2025-03-03 15:58:52,429:INFO:create_model() successfully completed......................................
2025-03-03 15:58:52,526:INFO:SubProcess create_model() end ==================================
2025-03-03 15:58:52,526:INFO:Creating metrics dataframe
2025-03-03 15:58:52,534:INFO:Initializing Orthogonal Matching Pursuit
2025-03-03 15:58:52,534:INFO:Total runtime is 0.1578617215156555 minutes
2025-03-03 15:58:52,540:INFO:SubProcess create_model() called ==================================
2025-03-03 15:58:52,540:INFO:Initializing create_model()
2025-03-03 15:58:52,541:INFO:create_model(self=<pycaret.regression.oop.RegressionExperiment object at 0x00000260D0179190>, estimator=omp, fold=KFold(n_splits=10, random_state=None, shuffle=False), round=4, cross_validation=True, predict=True, fit_kwargs={}, groups=None, refit=False, probability_threshold=None, experiment_custom_tags=None, verbose=False, system=False, add_to_model_list=True, metrics=None, display=<pycaret.internal.display.display.CommonDisplay object at 0x00000260D0131290>, model_only=True, return_train_score=False, error_score=0.0, kwargs={})
2025-03-03 15:58:52,541:INFO:Checking exceptions
2025-03-03 15:58:52,541:INFO:Importing libraries
2025-03-03 15:58:52,541:INFO:Copying training dataset
2025-03-03 15:58:52,546:INFO:Defining folds
2025-03-03 15:58:52,546:INFO:Declaring metric variables
2025-03-03 15:58:52,552:INFO:Importing untrained model
2025-03-03 15:58:52,557:INFO:Orthogonal Matching Pursuit Imported successfully
2025-03-03 15:58:52,566:INFO:Starting cross validation
2025-03-03 15:58:52,566:INFO:Cross validating with KFold(n_splits=10, random_state=None, shuffle=False), n_jobs=-1
2025-03-03 15:58:52,770:INFO:Calculating mean and std
2025-03-03 15:58:52,771:INFO:Creating metrics dataframe
2025-03-03 15:58:52,773:INFO:Uploading results into container
2025-03-03 15:58:52,774:INFO:Uploading model into container now
2025-03-03 15:58:52,774:INFO:_master_model_container: 7
2025-03-03 15:58:52,775:INFO:_display_container: 2
2025-03-03 15:58:52,775:INFO:OrthogonalMatchingPursuit()
2025-03-03 15:58:52,775:INFO:create_model() successfully completed......................................
2025-03-03 15:58:52,873:INFO:SubProcess create_model() end ==================================
2025-03-03 15:58:52,873:INFO:Creating metrics dataframe
2025-03-03 15:58:52,880:INFO:Initializing Bayesian Ridge
2025-03-03 15:58:52,880:INFO:Total runtime is 0.16362919807434081 minutes
2025-03-03 15:58:52,885:INFO:SubProcess create_model() called ==================================
2025-03-03 15:58:52,885:INFO:Initializing create_model()
2025-03-03 15:58:52,886:INFO:create_model(self=<pycaret.regression.oop.RegressionExperiment object at 0x00000260D0179190>, estimator=br, fold=KFold(n_splits=10, random_state=None, shuffle=False), round=4, cross_validation=True, predict=True, fit_kwargs={}, groups=None, refit=False, probability_threshold=None, experiment_custom_tags=None, verbose=False, system=False, add_to_model_list=True, metrics=None, display=<pycaret.internal.display.display.CommonDisplay object at 0x00000260D0131290>, model_only=True, return_train_score=False, error_score=0.0, kwargs={})
2025-03-03 15:58:52,886:INFO:Checking exceptions
2025-03-03 15:58:52,886:INFO:Importing libraries
2025-03-03 15:58:52,886:INFO:Copying training dataset
2025-03-03 15:58:52,890:INFO:Defining folds
2025-03-03 15:58:52,892:INFO:Declaring metric variables
2025-03-03 15:58:52,898:INFO:Importing untrained model
2025-03-03 15:58:52,906:INFO:Bayesian Ridge Imported successfully
2025-03-03 15:58:52,919:INFO:Starting cross validation
2025-03-03 15:58:52,919:INFO:Cross validating with KFold(n_splits=10, random_state=None, shuffle=False), n_jobs=-1
2025-03-03 15:58:53,154:INFO:Calculating mean and std
2025-03-03 15:58:53,155:INFO:Creating metrics dataframe
2025-03-03 15:58:53,156:INFO:Uploading results into container
2025-03-03 15:58:53,157:INFO:Uploading model into container now
2025-03-03 15:58:53,158:INFO:_master_model_container: 8
2025-03-03 15:58:53,158:INFO:_display_container: 2
2025-03-03 15:58:53,158:INFO:BayesianRidge()
2025-03-03 15:58:53,158:INFO:create_model() successfully completed......................................
2025-03-03 15:58:53,255:INFO:SubProcess create_model() end ==================================
2025-03-03 15:58:53,255:INFO:Creating metrics dataframe
2025-03-03 15:58:53,263:INFO:Initializing Passive Aggressive Regressor
2025-03-03 15:58:53,263:INFO:Total runtime is 0.17000089486440023 minutes
2025-03-03 15:58:53,263:INFO:SubProcess create_model() called ==================================
2025-03-03 15:58:53,263:INFO:Initializing create_model()
2025-03-03 15:58:53,263:INFO:create_model(self=<pycaret.regression.oop.RegressionExperiment object at 0x00000260D0179190>, estimator=par, fold=KFold(n_splits=10, random_state=None, shuffle=False), round=4, cross_validation=True, predict=True, fit_kwargs={}, groups=None, refit=False, probability_threshold=None, experiment_custom_tags=None, verbose=False, system=False, add_to_model_list=True, metrics=None, display=<pycaret.internal.display.display.CommonDisplay object at 0x00000260D0131290>, model_only=True, return_train_score=False, error_score=0.0, kwargs={})
2025-03-03 15:58:53,263:INFO:Checking exceptions
2025-03-03 15:58:53,263:INFO:Importing libraries
2025-03-03 15:58:53,263:INFO:Copying training dataset
2025-03-03 15:58:53,277:INFO:Defining folds
2025-03-03 15:58:53,277:INFO:Declaring metric variables
2025-03-03 15:58:53,282:INFO:Importing untrained model
2025-03-03 15:58:53,288:INFO:Passive Aggressive Regressor Imported successfully
2025-03-03 15:58:53,297:INFO:Starting cross validation
2025-03-03 15:58:53,297:INFO:Cross validating with KFold(n_splits=10, random_state=None, shuffle=False), n_jobs=-1
2025-03-03 15:58:53,496:INFO:Calculating mean and std
2025-03-03 15:58:53,496:INFO:Creating metrics dataframe
2025-03-03 15:58:53,498:INFO:Uploading results into container
2025-03-03 15:58:53,498:INFO:Uploading model into container now
2025-03-03 15:58:53,499:INFO:_master_model_container: 9
2025-03-03 15:58:53,499:INFO:_display_container: 2
2025-03-03 15:58:53,500:INFO:PassiveAggressiveRegressor(random_state=123)
2025-03-03 15:58:53,500:INFO:create_model() successfully completed......................................
2025-03-03 15:58:53,595:INFO:SubProcess create_model() end ==================================
2025-03-03 15:58:53,595:INFO:Creating metrics dataframe
2025-03-03 15:58:53,603:INFO:Initializing Huber Regressor
2025-03-03 15:58:53,603:INFO:Total runtime is 0.17567543586095175 minutes
2025-03-03 15:58:53,609:INFO:SubProcess create_model() called ==================================
2025-03-03 15:58:53,610:INFO:Initializing create_model()
2025-03-03 15:58:53,610:INFO:create_model(self=<pycaret.regression.oop.RegressionExperiment object at 0x00000260D0179190>, estimator=huber, fold=KFold(n_splits=10, random_state=None, shuffle=False), round=4, cross_validation=True, predict=True, fit_kwargs={}, groups=None, refit=False, probability_threshold=None, experiment_custom_tags=None, verbose=False, system=False, add_to_model_list=True, metrics=None, display=<pycaret.internal.display.display.CommonDisplay object at 0x00000260D0131290>, model_only=True, return_train_score=False, error_score=0.0, kwargs={})
2025-03-03 15:58:53,610:INFO:Checking exceptions
2025-03-03 15:58:53,610:INFO:Importing libraries
2025-03-03 15:58:53,610:INFO:Copying training dataset
2025-03-03 15:58:53,615:INFO:Defining folds
2025-03-03 15:58:53,615:INFO:Declaring metric variables
2025-03-03 15:58:53,620:INFO:Importing untrained model
2025-03-03 15:58:53,627:INFO:Huber Regressor Imported successfully
2025-03-03 15:58:53,638:INFO:Starting cross validation
2025-03-03 15:58:53,638:INFO:Cross validating with KFold(n_splits=10, random_state=None, shuffle=False), n_jobs=-1
2025-03-03 15:58:53,851:WARNING:C:\Users\jaros\AppData\Roaming\Python\Python311\site-packages\sklearn\linear_model\_huber.py:342: ConvergenceWarning: lbfgs failed to converge (status=1):
STOP: TOTAL NO. of ITERATIONS REACHED LIMIT.

Increase the number of iterations (max_iter) or scale the data as shown in:
    https://scikit-learn.org/stable/modules/preprocessing.html
  self.n_iter_ = _check_optimize_result("lbfgs", opt_res, self.max_iter)

2025-03-03 15:58:53,855:WARNING:C:\Users\jaros\AppData\Roaming\Python\Python311\site-packages\sklearn\linear_model\_huber.py:342: ConvergenceWarning: lbfgs failed to converge (status=1):
STOP: TOTAL NO. of ITERATIONS REACHED LIMIT.

Increase the number of iterations (max_iter) or scale the data as shown in:
    https://scikit-learn.org/stable/modules/preprocessing.html
  self.n_iter_ = _check_optimize_result("lbfgs", opt_res, self.max_iter)

2025-03-03 15:58:53,861:WARNING:C:\Users\jaros\AppData\Roaming\Python\Python311\site-packages\sklearn\linear_model\_huber.py:342: ConvergenceWarning: lbfgs failed to converge (status=1):
STOP: TOTAL NO. of ITERATIONS REACHED LIMIT.

Increase the number of iterations (max_iter) or scale the data as shown in:
    https://scikit-learn.org/stable/modules/preprocessing.html
  self.n_iter_ = _check_optimize_result("lbfgs", opt_res, self.max_iter)

2025-03-03 15:58:53,865:WARNING:C:\Users\jaros\AppData\Roaming\Python\Python311\site-packages\sklearn\linear_model\_huber.py:342: ConvergenceWarning: lbfgs failed to converge (status=1):
STOP: TOTAL NO. of ITERATIONS REACHED LIMIT.

Increase the number of iterations (max_iter) or scale the data as shown in:
    https://scikit-learn.org/stable/modules/preprocessing.html
  self.n_iter_ = _check_optimize_result("lbfgs", opt_res, self.max_iter)

2025-03-03 15:58:53,892:WARNING:C:\Users\jaros\AppData\Roaming\Python\Python311\site-packages\sklearn\linear_model\_huber.py:342: ConvergenceWarning: lbfgs failed to converge (status=1):
STOP: TOTAL NO. of ITERATIONS REACHED LIMIT.

Increase the number of iterations (max_iter) or scale the data as shown in:
    https://scikit-learn.org/stable/modules/preprocessing.html
  self.n_iter_ = _check_optimize_result("lbfgs", opt_res, self.max_iter)

2025-03-03 15:58:53,976:WARNING:C:\Users\jaros\AppData\Roaming\Python\Python311\site-packages\sklearn\linear_model\_huber.py:342: ConvergenceWarning: lbfgs failed to converge (status=1):
STOP: TOTAL NO. of ITERATIONS REACHED LIMIT.

Increase the number of iterations (max_iter) or scale the data as shown in:
    https://scikit-learn.org/stable/modules/preprocessing.html
  self.n_iter_ = _check_optimize_result("lbfgs", opt_res, self.max_iter)

2025-03-03 15:58:53,994:INFO:Calculating mean and std
2025-03-03 15:58:53,995:INFO:Creating metrics dataframe
2025-03-03 15:58:53,996:INFO:Uploading results into container
2025-03-03 15:58:53,997:INFO:Uploading model into container now
2025-03-03 15:58:53,997:INFO:_master_model_container: 10
2025-03-03 15:58:53,997:INFO:_display_container: 2
2025-03-03 15:58:53,998:INFO:HuberRegressor()
2025-03-03 15:58:53,998:INFO:create_model() successfully completed......................................
2025-03-03 15:58:54,094:INFO:SubProcess create_model() end ==================================
2025-03-03 15:58:54,094:INFO:Creating metrics dataframe
2025-03-03 15:58:54,102:INFO:Initializing K Neighbors Regressor
2025-03-03 15:58:54,102:INFO:Total runtime is 0.1839953621228536 minutes
2025-03-03 15:58:54,107:INFO:SubProcess create_model() called ==================================
2025-03-03 15:58:54,107:INFO:Initializing create_model()
2025-03-03 15:58:54,107:INFO:create_model(self=<pycaret.regression.oop.RegressionExperiment object at 0x00000260D0179190>, estimator=knn, fold=KFold(n_splits=10, random_state=None, shuffle=False), round=4, cross_validation=True, predict=True, fit_kwargs={}, groups=None, refit=False, probability_threshold=None, experiment_custom_tags=None, verbose=False, system=False, add_to_model_list=True, metrics=None, display=<pycaret.internal.display.display.CommonDisplay object at 0x00000260D0131290>, model_only=True, return_train_score=False, error_score=0.0, kwargs={})
2025-03-03 15:58:54,107:INFO:Checking exceptions
2025-03-03 15:58:54,108:INFO:Importing libraries
2025-03-03 15:58:54,108:INFO:Copying training dataset
2025-03-03 15:58:54,113:INFO:Defining folds
2025-03-03 15:58:54,113:INFO:Declaring metric variables
2025-03-03 15:58:54,118:INFO:Importing untrained model
2025-03-03 15:58:54,125:INFO:K Neighbors Regressor Imported successfully
2025-03-03 15:58:54,134:INFO:Starting cross validation
2025-03-03 15:58:54,138:INFO:Cross validating with KFold(n_splits=10, random_state=None, shuffle=False), n_jobs=-1
2025-03-03 15:58:54,382:INFO:Calculating mean and std
2025-03-03 15:58:54,383:INFO:Creating metrics dataframe
2025-03-03 15:58:54,384:INFO:Uploading results into container
2025-03-03 15:58:54,385:INFO:Uploading model into container now
2025-03-03 15:58:54,385:INFO:_master_model_container: 11
2025-03-03 15:58:54,385:INFO:_display_container: 2
2025-03-03 15:58:54,386:INFO:KNeighborsRegressor(n_jobs=-1)
2025-03-03 15:58:54,386:INFO:create_model() successfully completed......................................
2025-03-03 15:58:54,488:INFO:SubProcess create_model() end ==================================
2025-03-03 15:58:54,488:INFO:Creating metrics dataframe
2025-03-03 15:58:54,496:INFO:Initializing Decision Tree Regressor
2025-03-03 15:58:54,496:INFO:Total runtime is 0.19055998325347903 minutes
2025-03-03 15:58:54,501:INFO:SubProcess create_model() called ==================================
2025-03-03 15:58:54,501:INFO:Initializing create_model()
2025-03-03 15:58:54,502:INFO:create_model(self=<pycaret.regression.oop.RegressionExperiment object at 0x00000260D0179190>, estimator=dt, fold=KFold(n_splits=10, random_state=None, shuffle=False), round=4, cross_validation=True, predict=True, fit_kwargs={}, groups=None, refit=False, probability_threshold=None, experiment_custom_tags=None, verbose=False, system=False, add_to_model_list=True, metrics=None, display=<pycaret.internal.display.display.CommonDisplay object at 0x00000260D0131290>, model_only=True, return_train_score=False, error_score=0.0, kwargs={})
2025-03-03 15:58:54,502:INFO:Checking exceptions
2025-03-03 15:58:54,502:INFO:Importing libraries
2025-03-03 15:58:54,502:INFO:Copying training dataset
2025-03-03 15:58:54,506:INFO:Defining folds
2025-03-03 15:58:54,507:INFO:Declaring metric variables
2025-03-03 15:58:54,513:INFO:Importing untrained model
2025-03-03 15:58:54,518:INFO:Decision Tree Regressor Imported successfully
2025-03-03 15:58:54,529:INFO:Starting cross validation
2025-03-03 15:58:54,530:INFO:Cross validating with KFold(n_splits=10, random_state=None, shuffle=False), n_jobs=-1
2025-03-03 15:58:54,796:INFO:Calculating mean and std
2025-03-03 15:58:54,797:INFO:Creating metrics dataframe
2025-03-03 15:58:54,800:INFO:Uploading results into container
2025-03-03 15:58:54,800:INFO:Uploading model into container now
2025-03-03 15:58:54,801:INFO:_master_model_container: 12
2025-03-03 15:58:54,801:INFO:_display_container: 2
2025-03-03 15:58:54,802:INFO:DecisionTreeRegressor(random_state=123)
2025-03-03 15:58:54,802:INFO:create_model() successfully completed......................................
2025-03-03 15:58:54,903:INFO:SubProcess create_model() end ==================================
2025-03-03 15:58:54,903:INFO:Creating metrics dataframe
2025-03-03 15:58:54,913:INFO:Initializing Random Forest Regressor
2025-03-03 15:58:54,913:INFO:Total runtime is 0.1974966645240784 minutes
2025-03-03 15:58:54,918:INFO:SubProcess create_model() called ==================================
2025-03-03 15:58:54,918:INFO:Initializing create_model()
2025-03-03 15:58:54,919:INFO:create_model(self=<pycaret.regression.oop.RegressionExperiment object at 0x00000260D0179190>, estimator=rf, fold=KFold(n_splits=10, random_state=None, shuffle=False), round=4, cross_validation=True, predict=True, fit_kwargs={}, groups=None, refit=False, probability_threshold=None, experiment_custom_tags=None, verbose=False, system=False, add_to_model_list=True, metrics=None, display=<pycaret.internal.display.display.CommonDisplay object at 0x00000260D0131290>, model_only=True, return_train_score=False, error_score=0.0, kwargs={})
2025-03-03 15:58:54,919:INFO:Checking exceptions
2025-03-03 15:58:54,919:INFO:Importing libraries
2025-03-03 15:58:54,919:INFO:Copying training dataset
2025-03-03 15:58:54,923:INFO:Defining folds
2025-03-03 15:58:54,923:INFO:Declaring metric variables
2025-03-03 15:58:54,930:INFO:Importing untrained model
2025-03-03 15:58:54,935:INFO:Random Forest Regressor Imported successfully
2025-03-03 15:58:54,946:INFO:Starting cross validation
2025-03-03 15:58:54,947:INFO:Cross validating with KFold(n_splits=10, random_state=None, shuffle=False), n_jobs=-1
2025-03-03 15:58:59,841:INFO:Calculating mean and std
2025-03-03 15:58:59,842:INFO:Creating metrics dataframe
2025-03-03 15:58:59,845:INFO:Uploading results into container
2025-03-03 15:58:59,846:INFO:Uploading model into container now
2025-03-03 15:58:59,847:INFO:_master_model_container: 13
2025-03-03 15:58:59,847:INFO:_display_container: 2
2025-03-03 15:58:59,847:INFO:RandomForestRegressor(n_jobs=-1, random_state=123)
2025-03-03 15:58:59,848:INFO:create_model() successfully completed......................................
2025-03-03 15:58:59,944:INFO:SubProcess create_model() end ==================================
2025-03-03 15:58:59,944:INFO:Creating metrics dataframe
2025-03-03 15:58:59,953:INFO:Initializing Extra Trees Regressor
2025-03-03 15:58:59,953:INFO:Total runtime is 0.28149671554565436 minutes
2025-03-03 15:58:59,958:INFO:SubProcess create_model() called ==================================
2025-03-03 15:58:59,958:INFO:Initializing create_model()
2025-03-03 15:58:59,958:INFO:create_model(self=<pycaret.regression.oop.RegressionExperiment object at 0x00000260D0179190>, estimator=et, fold=KFold(n_splits=10, random_state=None, shuffle=False), round=4, cross_validation=True, predict=True, fit_kwargs={}, groups=None, refit=False, probability_threshold=None, experiment_custom_tags=None, verbose=False, system=False, add_to_model_list=True, metrics=None, display=<pycaret.internal.display.display.CommonDisplay object at 0x00000260D0131290>, model_only=True, return_train_score=False, error_score=0.0, kwargs={})
2025-03-03 15:58:59,959:INFO:Checking exceptions
2025-03-03 15:58:59,959:INFO:Importing libraries
2025-03-03 15:58:59,959:INFO:Copying training dataset
2025-03-03 15:58:59,964:INFO:Defining folds
2025-03-03 15:58:59,964:INFO:Declaring metric variables
2025-03-03 15:58:59,969:INFO:Importing untrained model
2025-03-03 15:58:59,975:INFO:Extra Trees Regressor Imported successfully
2025-03-03 15:58:59,986:INFO:Starting cross validation
2025-03-03 15:58:59,986:INFO:Cross validating with KFold(n_splits=10, random_state=None, shuffle=False), n_jobs=-1
2025-03-03 15:59:03,103:INFO:Calculating mean and std
2025-03-03 15:59:03,104:INFO:Creating metrics dataframe
2025-03-03 15:59:03,108:INFO:Uploading results into container
2025-03-03 15:59:03,109:INFO:Uploading model into container now
2025-03-03 15:59:03,109:INFO:_master_model_container: 14
2025-03-03 15:59:03,110:INFO:_display_container: 2
2025-03-03 15:59:03,110:INFO:ExtraTreesRegressor(n_jobs=-1, random_state=123)
2025-03-03 15:59:03,111:INFO:create_model() successfully completed......................................
2025-03-03 15:59:03,219:INFO:SubProcess create_model() end ==================================
2025-03-03 15:59:03,219:INFO:Creating metrics dataframe
2025-03-03 15:59:03,231:INFO:Initializing AdaBoost Regressor
2025-03-03 15:59:03,231:INFO:Total runtime is 0.3361316879590353 minutes
2025-03-03 15:59:03,237:INFO:SubProcess create_model() called ==================================
2025-03-03 15:59:03,237:INFO:Initializing create_model()
2025-03-03 15:59:03,237:INFO:create_model(self=<pycaret.regression.oop.RegressionExperiment object at 0x00000260D0179190>, estimator=ada, fold=KFold(n_splits=10, random_state=None, shuffle=False), round=4, cross_validation=True, predict=True, fit_kwargs={}, groups=None, refit=False, probability_threshold=None, experiment_custom_tags=None, verbose=False, system=False, add_to_model_list=True, metrics=None, display=<pycaret.internal.display.display.CommonDisplay object at 0x00000260D0131290>, model_only=True, return_train_score=False, error_score=0.0, kwargs={})
2025-03-03 15:59:03,237:INFO:Checking exceptions
2025-03-03 15:59:03,238:INFO:Importing libraries
2025-03-03 15:59:03,238:INFO:Copying training dataset
2025-03-03 15:59:03,244:INFO:Defining folds
2025-03-03 15:59:03,244:INFO:Declaring metric variables
2025-03-03 15:59:03,250:INFO:Importing untrained model
2025-03-03 15:59:03,257:INFO:AdaBoost Regressor Imported successfully
2025-03-03 15:59:03,270:INFO:Starting cross validation
2025-03-03 15:59:03,274:INFO:Cross validating with KFold(n_splits=10, random_state=None, shuffle=False), n_jobs=-1
2025-03-03 15:59:04,194:INFO:Calculating mean and std
2025-03-03 15:59:04,195:INFO:Creating metrics dataframe
2025-03-03 15:59:04,197:INFO:Uploading results into container
2025-03-03 15:59:04,197:INFO:Uploading model into container now
2025-03-03 15:59:04,198:INFO:_master_model_container: 15
2025-03-03 15:59:04,198:INFO:_display_container: 2
2025-03-03 15:59:04,198:INFO:AdaBoostRegressor(random_state=123)
2025-03-03 15:59:04,199:INFO:create_model() successfully completed......................................
2025-03-03 15:59:04,303:INFO:SubProcess create_model() end ==================================
2025-03-03 15:59:04,303:INFO:Creating metrics dataframe
2025-03-03 15:59:04,314:INFO:Initializing Gradient Boosting Regressor
2025-03-03 15:59:04,314:INFO:Total runtime is 0.35419548352559416 minutes
2025-03-03 15:59:04,319:INFO:SubProcess create_model() called ==================================
2025-03-03 15:59:04,319:INFO:Initializing create_model()
2025-03-03 15:59:04,319:INFO:create_model(self=<pycaret.regression.oop.RegressionExperiment object at 0x00000260D0179190>, estimator=gbr, fold=KFold(n_splits=10, random_state=None, shuffle=False), round=4, cross_validation=True, predict=True, fit_kwargs={}, groups=None, refit=False, probability_threshold=None, experiment_custom_tags=None, verbose=False, system=False, add_to_model_list=True, metrics=None, display=<pycaret.internal.display.display.CommonDisplay object at 0x00000260D0131290>, model_only=True, return_train_score=False, error_score=0.0, kwargs={})
2025-03-03 15:59:04,319:INFO:Checking exceptions
2025-03-03 15:59:04,320:INFO:Importing libraries
2025-03-03 15:59:04,320:INFO:Copying training dataset
2025-03-03 15:59:04,326:INFO:Defining folds
2025-03-03 15:59:04,327:INFO:Declaring metric variables
2025-03-03 15:59:04,339:INFO:Importing untrained model
2025-03-03 15:59:04,348:INFO:Gradient Boosting Regressor Imported successfully
2025-03-03 15:59:04,369:INFO:Starting cross validation
2025-03-03 15:59:04,371:INFO:Cross validating with KFold(n_splits=10, random_state=None, shuffle=False), n_jobs=-1
2025-03-03 15:59:06,383:INFO:Calculating mean and std
2025-03-03 15:59:06,384:INFO:Creating metrics dataframe
2025-03-03 15:59:06,386:INFO:Uploading results into container
2025-03-03 15:59:06,386:INFO:Uploading model into container now
2025-03-03 15:59:06,387:INFO:_master_model_container: 16
2025-03-03 15:59:06,387:INFO:_display_container: 2
2025-03-03 15:59:06,388:INFO:GradientBoostingRegressor(random_state=123)
2025-03-03 15:59:06,388:INFO:create_model() successfully completed......................................
2025-03-03 15:59:06,489:INFO:SubProcess create_model() end ==================================
2025-03-03 15:59:06,489:INFO:Creating metrics dataframe
2025-03-03 15:59:06,500:INFO:Initializing Light Gradient Boosting Machine
2025-03-03 15:59:06,500:INFO:Total runtime is 0.3906255841255189 minutes
2025-03-03 15:59:06,506:INFO:SubProcess create_model() called ==================================
2025-03-03 15:59:06,506:INFO:Initializing create_model()
2025-03-03 15:59:06,506:INFO:create_model(self=<pycaret.regression.oop.RegressionExperiment object at 0x00000260D0179190>, estimator=lightgbm, fold=KFold(n_splits=10, random_state=None, shuffle=False), round=4, cross_validation=True, predict=True, fit_kwargs={}, groups=None, refit=False, probability_threshold=None, experiment_custom_tags=None, verbose=False, system=False, add_to_model_list=True, metrics=None, display=<pycaret.internal.display.display.CommonDisplay object at 0x00000260D0131290>, model_only=True, return_train_score=False, error_score=0.0, kwargs={})
2025-03-03 15:59:06,506:INFO:Checking exceptions
2025-03-03 15:59:06,507:INFO:Importing libraries
2025-03-03 15:59:06,507:INFO:Copying training dataset
2025-03-03 15:59:06,513:INFO:Defining folds
2025-03-03 15:59:06,513:INFO:Declaring metric variables
2025-03-03 15:59:06,519:INFO:Importing untrained model
2025-03-03 15:59:06,526:INFO:Light Gradient Boosting Machine Imported successfully
2025-03-03 15:59:06,539:INFO:Starting cross validation
2025-03-03 15:59:06,540:INFO:Cross validating with KFold(n_splits=10, random_state=None, shuffle=False), n_jobs=-1
2025-03-03 15:59:08,411:INFO:Calculating mean and std
2025-03-03 15:59:08,413:INFO:Creating metrics dataframe
2025-03-03 15:59:08,416:INFO:Uploading results into container
2025-03-03 15:59:08,417:INFO:Uploading model into container now
2025-03-03 15:59:08,418:INFO:_master_model_container: 17
2025-03-03 15:59:08,418:INFO:_display_container: 2
2025-03-03 15:59:08,419:INFO:LGBMRegressor(n_jobs=-1, random_state=123)
2025-03-03 15:59:08,419:INFO:create_model() successfully completed......................................
2025-03-03 15:59:08,557:INFO:SubProcess create_model() end ==================================
2025-03-03 15:59:08,557:INFO:Creating metrics dataframe
2025-03-03 15:59:08,570:INFO:Initializing Dummy Regressor
2025-03-03 15:59:08,570:INFO:Total runtime is 0.42512030204137174 minutes
2025-03-03 15:59:08,577:INFO:SubProcess create_model() called ==================================
2025-03-03 15:59:08,577:INFO:Initializing create_model()
2025-03-03 15:59:08,577:INFO:create_model(self=<pycaret.regression.oop.RegressionExperiment object at 0x00000260D0179190>, estimator=dummy, fold=KFold(n_splits=10, random_state=None, shuffle=False), round=4, cross_validation=True, predict=True, fit_kwargs={}, groups=None, refit=False, probability_threshold=None, experiment_custom_tags=None, verbose=False, system=False, add_to_model_list=True, metrics=None, display=<pycaret.internal.display.display.CommonDisplay object at 0x00000260D0131290>, model_only=True, return_train_score=False, error_score=0.0, kwargs={})
2025-03-03 15:59:08,578:INFO:Checking exceptions
2025-03-03 15:59:08,578:INFO:Importing libraries
2025-03-03 15:59:08,578:INFO:Copying training dataset
2025-03-03 15:59:08,584:INFO:Defining folds
2025-03-03 15:59:08,584:INFO:Declaring metric variables
2025-03-03 15:59:08,592:INFO:Importing untrained model
2025-03-03 15:59:08,592:INFO:Dummy Regressor Imported successfully
2025-03-03 15:59:08,612:INFO:Starting cross validation
2025-03-03 15:59:08,612:INFO:Cross validating with KFold(n_splits=10, random_state=None, shuffle=False), n_jobs=-1
2025-03-03 15:59:08,845:INFO:Calculating mean and std
2025-03-03 15:59:08,846:INFO:Creating metrics dataframe
2025-03-03 15:59:08,849:INFO:Uploading results into container
2025-03-03 15:59:08,850:INFO:Uploading model into container now
2025-03-03 15:59:08,850:INFO:_master_model_container: 18
2025-03-03 15:59:08,850:INFO:_display_container: 2
2025-03-03 15:59:08,851:INFO:DummyRegressor()
2025-03-03 15:59:08,851:INFO:create_model() successfully completed......................................
2025-03-03 15:59:08,977:INFO:SubProcess create_model() end ==================================
2025-03-03 15:59:08,977:INFO:Creating metrics dataframe
2025-03-03 15:59:08,996:WARNING:C:\Users\jaros\AppData\Roaming\Python\Python311\site-packages\pycaret\internal\pycaret_experiment\supervised_experiment.py:339: FutureWarning: Styler.applymap has been deprecated. Use Styler.map instead.
  .applymap(highlight_cols, subset=["TT (Sec)"])

2025-03-03 15:59:09,008:INFO:Initializing create_model()
2025-03-03 15:59:09,008:INFO:create_model(self=<pycaret.regression.oop.RegressionExperiment object at 0x00000260D0179190>, estimator=LinearRegression(n_jobs=-1), fold=KFold(n_splits=10, random_state=None, shuffle=False), round=4, cross_validation=False, predict=False, fit_kwargs={}, groups=None, refit=True, probability_threshold=None, experiment_custom_tags=None, verbose=False, system=False, add_to_model_list=True, metrics=None, display=None, model_only=True, return_train_score=False, error_score=0.0, kwargs={})
2025-03-03 15:59:09,008:INFO:Checking exceptions
2025-03-03 15:59:09,008:INFO:Importing libraries
2025-03-03 15:59:09,008:INFO:Copying training dataset
2025-03-03 15:59:09,008:INFO:Defining folds
2025-03-03 15:59:09,008:INFO:Declaring metric variables
2025-03-03 15:59:09,008:INFO:Importing untrained model
2025-03-03 15:59:09,022:INFO:Declaring custom model
2025-03-03 15:59:09,022:INFO:Linear Regression Imported successfully
2025-03-03 15:59:09,023:INFO:Cross validation set to False
2025-03-03 15:59:09,023:INFO:Fitting Model
2025-03-03 15:59:09,062:INFO:LinearRegression(n_jobs=-1)
2025-03-03 15:59:09,063:INFO:create_model() successfully completed......................................
2025-03-03 15:59:09,215:INFO:_master_model_container: 18
2025-03-03 15:59:09,215:INFO:_display_container: 2
2025-03-03 15:59:09,215:INFO:LinearRegression(n_jobs=-1)
2025-03-03 15:59:09,216:INFO:compare_models() successfully completed......................................
2025-03-03 15:59:16,316:INFO:Initializing tune_model()
2025-03-03 15:59:16,317:INFO:tune_model(self=<pycaret.regression.oop.RegressionExperiment object at 0x00000260D0179190>, estimator=LinearRegression(n_jobs=-1), fold=None, round=4, n_iter=200, custom_grid=None, optimize=MAE, custom_scorer=None, search_library=scikit-learn, search_algorithm=None, early_stopping=False, early_stopping_max_iters=10, choose_better=True, fit_kwargs=None, groups=None, return_tuner=False, verbose=True, tuner_verbose=True, return_train_score=False, kwargs={})
2025-03-03 15:59:16,317:INFO:Checking exceptions
2025-03-03 15:59:16,340:INFO:Copying training dataset
2025-03-03 15:59:16,345:INFO:Checking base model
2025-03-03 15:59:16,345:INFO:Base model : Linear Regression
2025-03-03 15:59:16,352:INFO:Declaring metric variables
2025-03-03 15:59:16,360:INFO:Defining Hyperparameters
2025-03-03 15:59:16,360:INFO:200 is bigger than total combinations 2, setting search algorithm to grid
2025-03-03 15:59:16,479:INFO:Tuning with n_jobs=-1
2025-03-03 15:59:16,480:INFO:Initializing GridSearchCV
2025-03-03 15:59:16,793:INFO:best_params: {'actual_estimator__fit_intercept': True}
2025-03-03 15:59:16,793:INFO:Hyperparameter search completed
2025-03-03 15:59:16,793:INFO:SubProcess create_model() called ==================================
2025-03-03 15:59:16,794:INFO:Initializing create_model()
2025-03-03 15:59:16,794:INFO:create_model(self=<pycaret.regression.oop.RegressionExperiment object at 0x00000260D0179190>, estimator=LinearRegression(n_jobs=-1), fold=KFold(n_splits=10, random_state=None, shuffle=False), round=4, cross_validation=True, predict=True, fit_kwargs={}, groups=None, refit=True, probability_threshold=None, experiment_custom_tags=None, verbose=True, system=False, add_to_model_list=True, metrics=None, display=<pycaret.internal.display.display.CommonDisplay object at 0x00000260E21B0910>, model_only=True, return_train_score=False, error_score=0.0, kwargs={'fit_intercept': True})
2025-03-03 15:59:16,794:INFO:Checking exceptions
2025-03-03 15:59:16,794:INFO:Importing libraries
2025-03-03 15:59:16,794:INFO:Copying training dataset
2025-03-03 15:59:16,798:INFO:Defining folds
2025-03-03 15:59:16,798:INFO:Declaring metric variables
2025-03-03 15:59:16,804:INFO:Importing untrained model
2025-03-03 15:59:16,804:INFO:Declaring custom model
2025-03-03 15:59:16,814:INFO:Linear Regression Imported successfully
2025-03-03 15:59:16,831:INFO:Starting cross validation
2025-03-03 15:59:16,832:INFO:Cross validating with KFold(n_splits=10, random_state=None, shuffle=False), n_jobs=-1
2025-03-03 15:59:17,021:INFO:Calculating mean and std
2025-03-03 15:59:17,022:INFO:Creating metrics dataframe
2025-03-03 15:59:17,031:INFO:Finalizing model
2025-03-03 15:59:17,066:INFO:Uploading results into container
2025-03-03 15:59:17,066:INFO:Uploading model into container now
2025-03-03 15:59:17,066:INFO:_master_model_container: 19
2025-03-03 15:59:17,066:INFO:_display_container: 3
2025-03-03 15:59:17,068:INFO:LinearRegression(n_jobs=-1)
2025-03-03 15:59:17,068:INFO:create_model() successfully completed......................................
2025-03-03 15:59:17,176:INFO:SubProcess create_model() end ==================================
2025-03-03 15:59:17,177:INFO:choose_better activated
2025-03-03 15:59:17,181:INFO:SubProcess create_model() called ==================================
2025-03-03 15:59:17,182:INFO:Initializing create_model()
2025-03-03 15:59:17,182:INFO:create_model(self=<pycaret.regression.oop.RegressionExperiment object at 0x00000260D0179190>, estimator=LinearRegression(n_jobs=-1), fold=KFold(n_splits=10, random_state=None, shuffle=False), round=4, cross_validation=True, predict=True, fit_kwargs={}, groups=None, refit=True, probability_threshold=None, experiment_custom_tags=None, verbose=False, system=False, add_to_model_list=True, metrics=None, display=None, model_only=True, return_train_score=False, error_score=0.0, kwargs={})
2025-03-03 15:59:17,182:INFO:Checking exceptions
2025-03-03 15:59:17,183:INFO:Importing libraries
2025-03-03 15:59:17,184:INFO:Copying training dataset
2025-03-03 15:59:17,187:INFO:Defining folds
2025-03-03 15:59:17,187:INFO:Declaring metric variables
2025-03-03 15:59:17,187:INFO:Importing untrained model
2025-03-03 15:59:17,187:INFO:Declaring custom model
2025-03-03 15:59:17,187:INFO:Linear Regression Imported successfully
2025-03-03 15:59:17,187:INFO:Starting cross validation
2025-03-03 15:59:17,189:INFO:Cross validating with KFold(n_splits=10, random_state=None, shuffle=False), n_jobs=-1
2025-03-03 15:59:17,426:INFO:Calculating mean and std
2025-03-03 15:59:17,426:INFO:Creating metrics dataframe
2025-03-03 15:59:17,428:INFO:Finalizing model
2025-03-03 15:59:17,450:INFO:Uploading results into container
2025-03-03 15:59:17,450:INFO:Uploading model into container now
2025-03-03 15:59:17,451:INFO:_master_model_container: 20
2025-03-03 15:59:17,451:INFO:_display_container: 4
2025-03-03 15:59:17,451:INFO:LinearRegression(n_jobs=-1)
2025-03-03 15:59:17,451:INFO:create_model() successfully completed......................................
2025-03-03 15:59:17,549:INFO:SubProcess create_model() end ==================================
2025-03-03 15:59:17,549:INFO:LinearRegression(n_jobs=-1) result for MAE is 83.4718
2025-03-03 15:59:17,549:INFO:LinearRegression(n_jobs=-1) result for MAE is 83.4718
2025-03-03 15:59:17,549:INFO:LinearRegression(n_jobs=-1) is best model
2025-03-03 15:59:17,549:INFO:choose_better completed
2025-03-03 15:59:17,550:INFO:Original model was better than the tuned model, hence it will be returned. NOTE: The display metrics are for the tuned model (not the original one).
2025-03-03 15:59:17,560:INFO:_master_model_container: 20
2025-03-03 15:59:17,560:INFO:_display_container: 3
2025-03-03 15:59:17,561:INFO:LinearRegression(n_jobs=-1)
2025-03-03 15:59:17,561:INFO:tune_model() successfully completed......................................
2025-03-03 15:59:27,262:INFO:Initializing compare_models()
2025-03-03 15:59:27,262:INFO:compare_models(self=<pycaret.regression.oop.RegressionExperiment object at 0x00000260D0179190>, include=[LinearRegression(n_jobs=-1), LinearRegression(n_jobs=-1)], exclude=None, fold=None, round=4, cross_validation=True, sort=R2, n_select=1, budget_time=None, turbo=True, errors=ignore, fit_kwargs=None, groups=None, experiment_custom_tags=None, probability_threshold=None, verbose=True, parallel=None, caller_params={'self': <pycaret.regression.oop.RegressionExperiment object at 0x00000260D0179190>, 'include': [LinearRegression(n_jobs=-1), LinearRegression(n_jobs=-1)], 'exclude': None, 'fold': None, 'round': 4, 'cross_validation': True, 'sort': 'R2', 'n_select': 1, 'budget_time': None, 'turbo': True, 'errors': 'ignore', 'fit_kwargs': None, 'groups': None, 'experiment_custom_tags': None, 'engine': None, 'verbose': True, 'parallel': None, '__class__': <class 'pycaret.regression.oop.RegressionExperiment'>})
2025-03-03 15:59:27,262:INFO:Checking exceptions
2025-03-03 15:59:27,262:INFO:Preparing display monitor
2025-03-03 15:59:27,311:INFO:Initializing custom model Linear Regression
2025-03-03 15:59:27,311:INFO:Total runtime is 1.0756651560465495e-05 minutes
2025-03-03 15:59:27,317:INFO:SubProcess create_model() called ==================================
2025-03-03 15:59:27,319:INFO:Initializing create_model()
2025-03-03 15:59:27,321:INFO:create_model(self=<pycaret.regression.oop.RegressionExperiment object at 0x00000260D0179190>, estimator=LinearRegression(n_jobs=-1), fold=KFold(n_splits=10, random_state=None, shuffle=False), round=4, cross_validation=True, predict=True, fit_kwargs={}, groups=None, refit=False, probability_threshold=None, experiment_custom_tags=None, verbose=False, system=False, add_to_model_list=True, metrics=None, display=<pycaret.internal.display.display.CommonDisplay object at 0x00000260E43C0CD0>, model_only=True, return_train_score=False, error_score=0.0, kwargs={})
2025-03-03 15:59:27,321:INFO:Checking exceptions
2025-03-03 15:59:27,321:INFO:Importing libraries
2025-03-03 15:59:27,322:INFO:Copying training dataset
2025-03-03 15:59:27,329:INFO:Defining folds
2025-03-03 15:59:27,330:INFO:Declaring metric variables
2025-03-03 15:59:27,352:INFO:Importing untrained model
2025-03-03 15:59:27,354:INFO:Declaring custom model
2025-03-03 15:59:27,355:INFO:Linear Regression Imported successfully
2025-03-03 15:59:27,379:INFO:Starting cross validation
2025-03-03 15:59:27,380:INFO:Cross validating with KFold(n_splits=10, random_state=None, shuffle=False), n_jobs=-1
2025-03-03 15:59:27,676:INFO:Calculating mean and std
2025-03-03 15:59:27,676:INFO:Creating metrics dataframe
2025-03-03 15:59:27,676:INFO:Uploading results into container
2025-03-03 15:59:27,676:INFO:Uploading model into container now
2025-03-03 15:59:27,676:INFO:_master_model_container: 21
2025-03-03 15:59:27,676:INFO:_display_container: 4
2025-03-03 15:59:27,676:INFO:LinearRegression(n_jobs=-1)
2025-03-03 15:59:27,676:INFO:create_model() successfully completed......................................
2025-03-03 15:59:27,771:INFO:SubProcess create_model() end ==================================
2025-03-03 15:59:27,771:INFO:Creating metrics dataframe
2025-03-03 15:59:27,771:INFO:Initializing custom model Linear Regression
2025-03-03 15:59:27,771:INFO:Total runtime is 0.007680646578470865 minutes
2025-03-03 15:59:27,787:INFO:SubProcess create_model() called ==================================
2025-03-03 15:59:27,787:INFO:Initializing create_model()
2025-03-03 15:59:27,787:INFO:create_model(self=<pycaret.regression.oop.RegressionExperiment object at 0x00000260D0179190>, estimator=LinearRegression(n_jobs=-1), fold=KFold(n_splits=10, random_state=None, shuffle=False), round=4, cross_validation=True, predict=True, fit_kwargs={}, groups=None, refit=False, probability_threshold=None, experiment_custom_tags=None, verbose=False, system=False, add_to_model_list=True, metrics=None, display=<pycaret.internal.display.display.CommonDisplay object at 0x00000260E43C0CD0>, model_only=True, return_train_score=False, error_score=0.0, kwargs={})
2025-03-03 15:59:27,787:INFO:Checking exceptions
2025-03-03 15:59:27,787:INFO:Importing libraries
2025-03-03 15:59:27,787:INFO:Copying training dataset
2025-03-03 15:59:27,787:INFO:Defining folds
2025-03-03 15:59:27,787:INFO:Declaring metric variables
2025-03-03 15:59:27,787:INFO:Importing untrained model
2025-03-03 15:59:27,787:INFO:Declaring custom model
2025-03-03 15:59:27,806:INFO:Linear Regression Imported successfully
2025-03-03 15:59:27,817:INFO:Starting cross validation
2025-03-03 15:59:27,818:INFO:Cross validating with KFold(n_splits=10, random_state=None, shuffle=False), n_jobs=-1
2025-03-03 15:59:27,996:INFO:Calculating mean and std
2025-03-03 15:59:27,996:INFO:Creating metrics dataframe
2025-03-03 15:59:27,996:INFO:Uploading results into container
2025-03-03 15:59:27,996:INFO:Uploading model into container now
2025-03-03 15:59:27,996:INFO:_master_model_container: 22
2025-03-03 15:59:27,996:INFO:_display_container: 4
2025-03-03 15:59:27,996:INFO:LinearRegression(n_jobs=-1)
2025-03-03 15:59:27,996:INFO:create_model() successfully completed......................................
2025-03-03 15:59:28,093:INFO:SubProcess create_model() end ==================================
2025-03-03 15:59:28,093:INFO:Creating metrics dataframe
2025-03-03 15:59:28,109:WARNING:C:\Users\jaros\AppData\Roaming\Python\Python311\site-packages\pycaret\internal\pycaret_experiment\supervised_experiment.py:339: FutureWarning: Styler.applymap has been deprecated. Use Styler.map instead.
  .applymap(highlight_cols, subset=["TT (Sec)"])

2025-03-03 15:59:28,119:INFO:Initializing create_model()
2025-03-03 15:59:28,119:INFO:create_model(self=<pycaret.regression.oop.RegressionExperiment object at 0x00000260D0179190>, estimator=LinearRegression(n_jobs=-1), fold=KFold(n_splits=10, random_state=None, shuffle=False), round=4, cross_validation=False, predict=False, fit_kwargs={}, groups=None, refit=True, probability_threshold=None, experiment_custom_tags=None, verbose=False, system=False, add_to_model_list=True, metrics=None, display=None, model_only=True, return_train_score=False, error_score=0.0, kwargs={})
2025-03-03 15:59:28,119:INFO:Checking exceptions
2025-03-03 15:59:28,121:INFO:Importing libraries
2025-03-03 15:59:28,121:INFO:Copying training dataset
2025-03-03 15:59:28,125:INFO:Defining folds
2025-03-03 15:59:28,125:INFO:Declaring metric variables
2025-03-03 15:59:28,125:INFO:Importing untrained model
2025-03-03 15:59:28,125:INFO:Declaring custom model
2025-03-03 15:59:28,125:INFO:Linear Regression Imported successfully
2025-03-03 15:59:28,125:INFO:Cross validation set to False
2025-03-03 15:59:28,125:INFO:Fitting Model
2025-03-03 15:59:28,161:INFO:LinearRegression(n_jobs=-1)
2025-03-03 15:59:28,162:INFO:create_model() successfully completed......................................
2025-03-03 15:59:28,273:INFO:_master_model_container: 22
2025-03-03 15:59:28,273:INFO:_display_container: 4
2025-03-03 15:59:28,273:INFO:LinearRegression(n_jobs=-1)
2025-03-03 15:59:28,273:INFO:compare_models() successfully completed......................................
2025-03-03 15:59:52,106:INFO:Initializing predict_model()
2025-03-03 15:59:52,106:INFO:predict_model(self=<pycaret.regression.oop.RegressionExperiment object at 0x00000260D0179190>, estimator=LinearRegression(n_jobs=-1), probability_threshold=None, encoded_labels=False, raw_score=False, round=4, verbose=True, ml_usecase=None, preprocess=True, encode_labels=<function _SupervisedExperiment.predict_model.<locals>.encode_labels at 0x00000260D00F6200>)
2025-03-03 15:59:52,107:INFO:Checking exceptions
2025-03-03 15:59:52,107:INFO:Preloading libraries
2025-03-03 15:59:52,218:WARNING:C:\Users\jaros\AppData\Roaming\Python\Python311\site-packages\sklearn\metrics\_regression.py:483: FutureWarning: 'squared' is deprecated in version 1.4 and will be removed in 1.6. To calculate the root mean squared error, use the function'root_mean_squared_error'.
  warnings.warn(

2025-03-03 15:59:58,978:INFO:Initializing plot_model()
2025-03-03 15:59:58,978:INFO:plot_model(self=<pycaret.regression.oop.RegressionExperiment object at 0x00000260D0179190>, estimator=LinearRegression(n_jobs=-1), plot=feature, scale=1, save=False, fold=None, fit_kwargs=None, plot_kwargs=None, groups=None, feature_name=None, label=False, verbose=True, system=True, display=None, display_format=None)
2025-03-03 15:59:58,978:INFO:Checking exceptions
2025-03-03 15:59:58,985:INFO:Preloading libraries
2025-03-03 15:59:58,985:INFO:Copying training dataset
2025-03-03 15:59:58,985:INFO:Plot type: feature
2025-03-03 15:59:59,183:INFO:Visual Rendered Successfully
2025-03-03 15:59:59,286:INFO:plot_model() successfully completed......................................
2025-03-03 16:00:09,933:INFO:Initializing plot_model()
2025-03-03 16:00:09,933:INFO:plot_model(self=<pycaret.regression.oop.RegressionExperiment object at 0x00000260D0179190>, estimator=LinearRegression(n_jobs=-1), plot=error, scale=1, save=False, fold=None, fit_kwargs=None, plot_kwargs=None, groups=None, feature_name=None, label=False, verbose=True, system=True, display=None, display_format=None)
2025-03-03 16:00:09,934:INFO:Checking exceptions
2025-03-03 16:00:09,937:INFO:Preloading libraries
2025-03-03 16:00:09,937:INFO:Copying training dataset
2025-03-03 16:00:09,937:INFO:Plot type: error
2025-03-03 16:00:10,103:INFO:Fitting Model
2025-03-03 16:00:10,103:WARNING:C:\Users\jaros\AppData\Roaming\Python\Python311\site-packages\sklearn\base.py:493: UserWarning: X does not have valid feature names, but LinearRegression was fitted with feature names
  warnings.warn(

2025-03-03 16:00:10,103:INFO:Scoring test/hold-out set
2025-03-03 16:00:10,480:INFO:Visual Rendered Successfully
2025-03-03 16:00:10,564:INFO:plot_model() successfully completed......................................
2025-03-03 16:00:20,146:INFO:Initializing plot_model()
2025-03-03 16:00:20,146:INFO:plot_model(self=<pycaret.regression.oop.RegressionExperiment object at 0x00000260D0179190>, estimator=LinearRegression(n_jobs=-1), plot=residuals, scale=1, save=False, fold=None, fit_kwargs=None, plot_kwargs=None, groups=None, feature_name=None, label=False, verbose=True, system=True, display=None, display_format=None)
2025-03-03 16:00:20,146:INFO:Checking exceptions
2025-03-03 16:00:20,152:INFO:Preloading libraries
2025-03-03 16:00:20,152:INFO:Copying training dataset
2025-03-03 16:00:20,152:INFO:Plot type: residuals
2025-03-03 16:00:20,329:INFO:Fitting Model
2025-03-03 16:00:20,329:WARNING:C:\Users\jaros\AppData\Roaming\Python\Python311\site-packages\sklearn\base.py:493: UserWarning: X does not have valid feature names, but LinearRegression was fitted with feature names
  warnings.warn(

2025-03-03 16:00:20,361:INFO:Scoring test/hold-out set
2025-03-03 16:00:20,726:INFO:Visual Rendered Successfully
2025-03-03 16:00:20,839:INFO:plot_model() successfully completed......................................
2025-03-03 16:00:25,104:INFO:Initializing finalize_model()
2025-03-03 16:00:25,104:INFO:finalize_model(self=<pycaret.regression.oop.RegressionExperiment object at 0x00000260D0179190>, estimator=LinearRegression(n_jobs=-1), fit_kwargs=None, groups=None, model_only=False, experiment_custom_tags=None)
2025-03-03 16:00:25,104:INFO:Finalizing LinearRegression(n_jobs=-1)
2025-03-03 16:00:25,115:INFO:Initializing create_model()
2025-03-03 16:00:25,115:INFO:create_model(self=<pycaret.regression.oop.RegressionExperiment object at 0x00000260D0179190>, estimator=LinearRegression(n_jobs=-1), fold=None, round=4, cross_validation=False, predict=False, fit_kwargs={}, groups=None, refit=True, probability_threshold=None, experiment_custom_tags=None, verbose=False, system=False, add_to_model_list=False, metrics=None, display=None, model_only=False, return_train_score=False, error_score=0.0, kwargs={})
2025-03-03 16:00:25,115:INFO:Checking exceptions
2025-03-03 16:00:25,118:INFO:Importing libraries
2025-03-03 16:00:25,118:INFO:Copying training dataset
2025-03-03 16:00:25,119:INFO:Defining folds
2025-03-03 16:00:25,119:INFO:Declaring metric variables
2025-03-03 16:00:25,119:INFO:Importing untrained model
2025-03-03 16:00:25,119:INFO:Declaring custom model
2025-03-03 16:00:25,119:INFO:Linear Regression Imported successfully
2025-03-03 16:00:25,119:INFO:Cross validation set to False
2025-03-03 16:00:25,119:INFO:Fitting Model
2025-03-03 16:00:25,166:INFO:Pipeline(memory=Memory(location=None),
         steps=[('numerical_imputer',
                 TransformerWrapper(include=['5km Czas [sek]',
                                             '10km Czas [sek]',
                                             '15km Tempo [min/km]', 'Wiek'],
                                    transformer=SimpleImputer())),
                ('categorical_imputer',
                 TransformerWrapper(include=['Płeć'],
                                    transformer=SimpleImputer(strategy='most_frequent'))),
                ('ordinal_encoding',
                 TransformerWrapper(include=['Płeć'],
                                    transformer=OrdinalEncoder(cols=['Płeć'],
                                                               handle_missing='return_nan',
                                                               mapping=[{'col': 'Płeć',
                                                                         'data_type': dtype('O'),
                                                                         'mapping': K      0
M      1
NaN   -1
dtype: int64}]))),
                ('clean_column_names',
                 TransformerWrapper(transformer=CleanColumnNames())),
                ('actual_estimator', LinearRegression(n_jobs=-1))])
2025-03-03 16:00:25,166:INFO:create_model() successfully completed......................................
2025-03-03 16:00:25,263:INFO:_master_model_container: 22
2025-03-03 16:00:25,263:INFO:_display_container: 5
2025-03-03 16:00:25,284:INFO:Pipeline(memory=Memory(location=None),
         steps=[('numerical_imputer',
                 TransformerWrapper(include=['5km Czas [sek]',
                                             '10km Czas [sek]',
                                             '15km Tempo [min/km]', 'Wiek'],
                                    transformer=SimpleImputer())),
                ('categorical_imputer',
                 TransformerWrapper(include=['Płeć'],
                                    transformer=SimpleImputer(strategy='most_frequent'))),
                ('ordinal_encoding',
                 TransformerWrapper(include=['Płeć'],
                                    transformer=OrdinalEncoder(cols=['Płeć'],
                                                               handle_missing='return_nan',
                                                               mapping=[{'col': 'Płeć',
                                                                         'data_type': dtype('O'),
                                                                         'mapping': K      0
M      1
NaN   -1
dtype: int64}]))),
                ('clean_column_names',
                 TransformerWrapper(transformer=CleanColumnNames())),
                ('actual_estimator', LinearRegression(n_jobs=-1))])
2025-03-03 16:00:25,284:INFO:finalize_model() successfully completed......................................
2025-03-03 16:00:39,731:INFO:Initializing save_model()
2025-03-03 16:00:39,731:INFO:save_model(model=Pipeline(memory=Memory(location=None),
         steps=[('numerical_imputer',
                 TransformerWrapper(include=['5km Czas [sek]',
                                             '10km Czas [sek]',
                                             '15km Tempo [min/km]', 'Wiek'],
                                    transformer=SimpleImputer())),
                ('categorical_imputer',
                 TransformerWrapper(include=['Płeć'],
                                    transformer=SimpleImputer(strategy='most_frequent'))),
                ('ordinal_encoding',
                 TransformerWrapper(include=['Płeć'],
                                    transformer=OrdinalEncoder(cols=['Płeć'],
                                                               handle_missing='return_nan',
                                                               mapping=[{'col': 'Płeć',
                                                                         'data_type': dtype('O'),
                                                                         'mapping': K      0
M      1
NaN   -1
dtype: int64}]))),
                ('clean_column_names',
                 TransformerWrapper(transformer=CleanColumnNames())),
                ('actual_estimator', LinearRegression(n_jobs=-1))]), model_name=linear_regression_pipeline, prep_pipe_=Pipeline(memory=FastMemory(location=C:\Users\jaros\AppData\Local\Temp\joblib),
         steps=[('numerical_imputer',
                 TransformerWrapper(include=['5km Czas [sek]',
                                             '10km Czas [sek]',
                                             '15km Tempo [min/km]', 'Wiek'],
                                    transformer=SimpleImputer())),
                ('categorical_imputer',
                 TransformerWrapper(include=['Płeć'],
                                    transformer=SimpleImputer(strategy='most_frequent'))),
                ('ordinal_encoding',
                 TransformerWrapper(include=['Płeć'],
                                    transformer=OrdinalEncoder(cols=['Płeć'],
                                                               handle_missing='return_nan',
                                                               mapping=[{'col': 'Płeć',
                                                                         'data_type': dtype('O'),
                                                                         'mapping': K      0
M      1
NaN   -1
dtype: int64}]))),
                ('clean_column_names',
                 TransformerWrapper(transformer=CleanColumnNames()))]), verbose=True, use_case=MLUsecase.REGRESSION, kwargs={})
2025-03-03 16:00:39,731:INFO:Adding model into prep_pipe
2025-03-03 16:00:39,732:WARNING:Only Model saved as it was a pipeline.
2025-03-03 16:00:39,736:INFO:linear_regression_pipeline.pkl saved in current working directory
2025-03-03 16:00:39,756:INFO:Pipeline(memory=Memory(location=None),
         steps=[('numerical_imputer',
                 TransformerWrapper(include=['5km Czas [sek]',
                                             '10km Czas [sek]',
                                             '15km Tempo [min/km]', 'Wiek'],
                                    transformer=SimpleImputer())),
                ('categorical_imputer',
                 TransformerWrapper(include=['Płeć'],
                                    transformer=SimpleImputer(strategy='most_frequent'))),
                ('ordinal_encoding',
                 TransformerWrapper(include=['Płeć'],
                                    transformer=OrdinalEncoder(cols=['Płeć'],
                                                               handle_missing='return_nan',
                                                               mapping=[{'col': 'Płeć',
                                                                         'data_type': dtype('O'),
                                                                         'mapping': K      0
M      1
NaN   -1
dtype: int64}]))),
                ('clean_column_names',
                 TransformerWrapper(transformer=CleanColumnNames())),
                ('actual_estimator', LinearRegression(n_jobs=-1))])
2025-03-03 16:00:39,756:INFO:save_model() successfully completed......................................
2025-03-03 16:01:13,962:INFO:Initializing predict_model()
2025-03-03 16:01:13,962:INFO:predict_model(self=<pycaret.regression.oop.RegressionExperiment object at 0x00000260D0179190>, estimator=Pipeline(memory=Memory(location=None),
         steps=[('numerical_imputer',
                 TransformerWrapper(include=['5km Czas [sek]',
                                             '10km Czas [sek]',
                                             '15km Tempo [min/km]', 'Wiek'],
                                    transformer=SimpleImputer())),
                ('categorical_imputer',
                 TransformerWrapper(include=['Płeć'],
                                    transformer=SimpleImputer(strategy='most_frequent'))),
                ('ordinal_encoding',
                 TransformerWrapper(include=['Płeć'],
                                    transformer=OrdinalEncoder(cols=['Płeć'],
                                                               handle_missing='return_nan',
                                                               mapping=[{'col': 'Płeć',
                                                                         'data_type': dtype('O'),
                                                                         'mapping': K      0
M      1
NaN   -1
dtype: int64}]))),
                ('clean_column_names',
                 TransformerWrapper(transformer=CleanColumnNames())),
                ('actual_estimator', LinearRegression(n_jobs=-1))]), probability_threshold=None, encoded_labels=False, raw_score=False, round=4, verbose=True, ml_usecase=None, preprocess=True, encode_labels=<function _SupervisedExperiment.predict_model.<locals>.encode_labels at 0x00000260E4198F40>)
2025-03-03 16:01:13,962:INFO:Checking exceptions
2025-03-03 16:01:13,962:INFO:Preloading libraries
2025-03-03 16:01:13,962:INFO:Set up data.
2025-03-03 16:01:13,962:INFO:Set up index.
2025-03-03 16:02:22,876:WARNING:
'cuml' is a soft dependency and not included in the pycaret installation. Please run: `pip install cuml` to install.
2025-03-03 16:02:22,876:WARNING:
'cuml' is a soft dependency and not included in the pycaret installation. Please run: `pip install cuml` to install.
2025-03-03 16:02:22,876:WARNING:
'cuml' is a soft dependency and not included in the pycaret installation. Please run: `pip install cuml` to install.
2025-03-03 16:02:22,876:WARNING:
'cuml' is a soft dependency and not included in the pycaret installation. Please run: `pip install cuml` to install.
2025-03-03 16:07:42,357:INFO:Initializing load_model()
2025-03-03 16:07:42,357:INFO:load_model(model_name=linear_regression_pipeline, platform=None, authentication=None, verbose=True)
2025-03-03 16:07:42,462:INFO:Initializing predict_model()
2025-03-03 16:07:42,464:INFO:predict_model(self=<pycaret.regression.oop.RegressionExperiment object at 0x0000016B40DFB950>, estimator=Pipeline(memory=Memory(location=None),
         steps=[('numerical_imputer',
                 TransformerWrapper(include=['5km Czas [sek]',
                                             '10km Czas [sek]',
                                             '15km Tempo [min/km]', 'Wiek'],
                                    transformer=SimpleImputer())),
                ('categorical_imputer',
                 TransformerWrapper(include=['Pe'],
                                    transformer=SimpleImputer(strategy='most_frequent'))),
                ('ordinal_encoding',
                 TransformerWrapper(include=['Pe'],
                                    transformer=OrdinalEncoder(cols=['Pe'],
                                                               handle_missing='return_nan',
                                                               mapping=[{'col': 'Pe',
                                                                         'data_type': dtype('O'),
                                                                         'mapping': K      0
M      1
NaN   -1
dtype: int64}]))),
                ('clean_column_names',
                 TransformerWrapper(transformer=CleanColumnNames())),
                ('actual_estimator', LinearRegression(n_jobs=-1))]), probability_threshold=None, encoded_labels=False, raw_score=False, round=4, verbose=True, ml_usecase=None, preprocess=True, encode_labels=<function _SupervisedExperiment.predict_model.<locals>.encode_labels at 0x0000016B42266700>)
2025-03-03 16:07:42,464:INFO:Checking exceptions
2025-03-03 16:07:42,464:INFO:Preloading libraries
2025-03-03 16:07:42,464:INFO:Set up data.
2025-03-03 16:07:42,464:INFO:Set up index.
